<?xml version="1.0" encoding="UTF-8" ?>
<testsuite failures="0" time="0" errors="0" skipped="0" tests="7" name="com.strands.interviews.eventsystem.DefaultEventManagerTest">
  <properties>
[...]
</properties>
  <testcase time="0" classname="com.strands.interviews.eventsystem.DefaultEventManagerTest" name="testAddValidKeyWithNullListener"/>
  <testcase time="0" classname="com.strands.interviews.eventsystem.DefaultEventManagerTest" name="testPublishNullEvent"/>
  <testcase time="0" classname="com.strands.interviews.eventsystem.DefaultEventManagerTest" name="testRegisterListenerAndPublishEvent"/>
  <testcase time="0" classname="com.strands.interviews.eventsystem.DefaultEventManagerTest" name="testListenerWithoutMatchingEventClass"/>
  <testcase time="0" classname="com.strands.interviews.eventsystem.DefaultEventManagerTest" name="testRemoveNonexistentListener"/>
  <testcase time="0" classname="com.strands.interviews.eventsystem.DefaultEventManagerTest" name="testUnregisterListener"/>
  <testcase time="0" classname="com.strands.interviews.eventsystem.DefaultEventManagerTest" name="testDuplicateKeysForListeners"/>
</testsuite>